21:44:33  INFO      Grid run directory: C:\Users\gurug\Dropbox\DataScience\Speciale\Devices\dev\StockInvestmentDSS\research\iqn\FinRL_IQN\outputs\runs\2026_05_25_214433_d_iqn_dss_algorithmic_baseline_grid_demo_10_new_micro
21:44:33  INFO      [single-ticker] AVGO / buy_and_hold ...
21:44:33  INFO      [single-ticker] AVGO / sma_5_20 ...
21:44:34  INFO      [single-ticker] AVGO / sma_10_30 ...
21:44:34  INFO      [single-ticker] AVGO / sma_20_50 ...
21:44:34  INFO      [single-ticker] AVGO / sma_50_200 ...
21:44:34  INFO      [single-ticker] AVGO / ema_5_20 ...
21:44:34  INFO      [single-ticker] AVGO / ema_12_26 ...
21:44:35  INFO      [single-ticker] AVGO / ema_20_50 ...
21:44:35  INFO      [single-ticker] AVGO / momentum_5 ...
21:44:35  INFO      [single-ticker] AVGO / momentum_10 ...
21:44:35  INFO      [single-ticker] AVGO / momentum_20 ...
21:44:35  INFO      [single-ticker] AVGO / momentum_60 ...
21:44:36  INFO      [single-ticker] AVGO / rsi_14_30_70 ...
21:44:36  INFO      [single-ticker] AVGO / rsi_14_25_75 ...
21:44:36  INFO      [single-ticker] AVGO / macd_8_21_9 ...
21:44:36  INFO      [single-ticker] AVGO / macd_12_26_9 ...
21:44:36  INFO      [single-ticker] AVGO / bollinger_mr_20_2 ...
21:44:37  INFO      [single-ticker] AVGO / bollinger_mr_20_2.5 ...
21:44:37  INFO      [single-ticker] AVGO / breakout_10 ...
21:44:37  INFO      [single-ticker] AVGO / breakout_20 ...
21:44:37  INFO      [single-ticker] AVGO / breakout_55 ...
21:44:38  INFO      [single-ticker] AVGO / vol_filter_m5_v10_0.4 ...
21:44:38  INFO      [single-ticker] AVGO / vol_filter_m10_v20_0.4 ...
21:44:38  INFO      [single-ticker] AVGO / vol_filter_m20_v20_0.4 ...
21:44:38  INFO      [single-ticker] BA / buy_and_hold ...
21:44:38  INFO      [single-ticker] BA / sma_5_20 ...
21:44:39  INFO      [single-ticker] BA / sma_10_30 ...
21:44:39  INFO      [single-ticker] BA / sma_20_50 ...
21:44:39  INFO      [single-ticker] BA / sma_50_200 ...
21:44:39  INFO      [single-ticker] BA / ema_5_20 ...
21:44:39  INFO      [single-ticker] BA / ema_12_26 ...
21:44:40  INFO      [single-ticker] BA / ema_20_50 ...
21:44:40  INFO      [single-ticker] BA / momentum_5 ...
21:44:40  INFO      [single-ticker] BA / momentum_10 ...
21:44:40  INFO      [single-ticker] BA / momentum_20 ...
21:44:40  INFO      [single-ticker] BA / momentum_60 ...
21:44:41  INFO      [single-ticker] BA / rsi_14_30_70 ...
21:44:41  INFO      [single-ticker] BA / rsi_14_25_75 ...
21:44:41  INFO      [single-ticker] BA / macd_8_21_9 ...
21:44:41  INFO      [single-ticker] BA / macd_12_26_9 ...
21:44:42  INFO      [single-ticker] BA / bollinger_mr_20_2 ...
21:44:42  INFO      [single-ticker] BA / bollinger_mr_20_2.5 ...
21:44:42  INFO      [single-ticker] BA / breakout_10 ...
21:44:42  INFO      [single-ticker] BA / breakout_20 ...
21:44:43  INFO      [single-ticker] BA / breakout_55 ...
21:44:43  INFO      [single-ticker] BA / vol_filter_m5_v10_0.4 ...
21:44:43  INFO      [single-ticker] BA / vol_filter_m10_v20_0.4 ...
21:44:43  INFO      [single-ticker] BA / vol_filter_m20_v20_0.4 ...
21:44:43  INFO      [single-ticker] CAT / buy_and_hold ...
21:44:44  INFO      [single-ticker] CAT / sma_5_20 ...
21:44:44  INFO      [single-ticker] CAT / sma_10_30 ...
21:44:44  INFO      [single-ticker] CAT / sma_20_50 ...
21:44:44  INFO      [single-ticker] CAT / sma_50_200 ...
21:44:45  INFO      [single-ticker] CAT / ema_5_20 ...
21:44:45  INFO      [single-ticker] CAT / ema_12_26 ...
21:44:45  INFO      [single-ticker] CAT / ema_20_50 ...
21:44:45  INFO      [single-ticker] CAT / momentum_5 ...
21:44:45  INFO      [single-ticker] CAT / momentum_10 ...
21:44:46  INFO      [single-ticker] CAT / momentum_20 ...
21:44:46  INFO      [single-ticker] CAT / momentum_60 ...
21:44:46  INFO      [single-ticker] CAT / rsi_14_30_70 ...
21:44:46  INFO      [single-ticker] CAT / rsi_14_25_75 ...
21:44:46  INFO      [single-ticker] CAT / macd_8_21_9 ...
21:44:47  INFO      [single-ticker] CAT / macd_12_26_9 ...
21:44:47  INFO      [single-ticker] CAT / bollinger_mr_20_2 ...
21:44:47  INFO      [single-ticker] CAT / bollinger_mr_20_2.5 ...
21:44:47  INFO      [single-ticker] CAT / breakout_10 ...
21:44:47  INFO      [single-ticker] CAT / breakout_20 ...
21:44:48  INFO      [single-ticker] CAT / breakout_55 ...
21:44:48  INFO      [single-ticker] CAT / vol_filter_m5_v10_0.4 ...
21:44:48  INFO      [single-ticker] CAT / vol_filter_m10_v20_0.4 ...
21:44:48  INFO      [single-ticker] CAT / vol_filter_m20_v20_0.4 ...
21:44:48  INFO      [single-ticker] COST / buy_and_hold ...
21:44:49  INFO      [single-ticker] COST / sma_5_20 ...
21:44:49  INFO      [single-ticker] COST / sma_10_30 ...
21:44:49  INFO      [single-ticker] COST / sma_20_50 ...
21:44:49  INFO      [single-ticker] COST / sma_50_200 ...
21:44:49  INFO      [single-ticker] COST / ema_5_20 ...
21:44:50  INFO      [single-ticker] COST / ema_12_26 ...
21:44:50  INFO      [single-ticker] COST / ema_20_50 ...
21:44:50  INFO      [single-ticker] COST / momentum_5 ...
21:44:50  INFO      [single-ticker] COST / momentum_10 ...
21:44:50  INFO      [single-ticker] COST / momentum_20 ...
21:44:51  INFO      [single-ticker] COST / momentum_60 ...
21:44:51  INFO      [single-ticker] COST / rsi_14_30_70 ...
21:44:51  INFO      [single-ticker] COST / rsi_14_25_75 ...
21:44:51  INFO      [single-ticker] COST / macd_8_21_9 ...
21:44:51  INFO      [single-ticker] COST / macd_12_26_9 ...
21:44:52  INFO      [single-ticker] COST / bollinger_mr_20_2 ...
21:44:52  INFO      [single-ticker] COST / bollinger_mr_20_2.5 ...
21:44:52  INFO      [single-ticker] COST / breakout_10 ...
21:44:52  INFO      [single-ticker] COST / breakout_20 ...
21:44:52  INFO      [single-ticker] COST / breakout_55 ...
21:44:53  INFO      [single-ticker] COST / vol_filter_m5_v10_0.4 ...
21:44:53  INFO      [single-ticker] COST / vol_filter_m10_v20_0.4 ...
21:44:53  INFO      [single-ticker] COST / vol_filter_m20_v20_0.4 ...
21:44:53  INFO      [single-ticker] KO / buy_and_hold ...
21:44:54  INFO      [single-ticker] KO / sma_5_20 ...
21:44:54  INFO      [single-ticker] KO / sma_10_30 ...
21:44:54  INFO      [single-ticker] KO / sma_20_50 ...
21:44:54  INFO      [single-ticker] KO / sma_50_200 ...
21:44:54  INFO      [single-ticker] KO / ema_5_20 ...
21:44:55  INFO      [single-ticker] KO / ema_12_26 ...
21:44:55  INFO      [single-ticker] KO / ema_20_50 ...
21:44:55  INFO      [single-ticker] KO / momentum_5 ...
21:44:55  INFO      [single-ticker] KO / momentum_10 ...
21:44:55  INFO      [single-ticker] KO / momentum_20 ...
21:44:56  INFO      [single-ticker] KO / momentum_60 ...
21:44:56  INFO      [single-ticker] KO / rsi_14_30_70 ...
21:44:56  INFO      [single-ticker] KO / rsi_14_25_75 ...
21:44:56  INFO      [single-ticker] KO / macd_8_21_9 ...
21:44:56  INFO      [single-ticker] KO / macd_12_26_9 ...
21:44:57  INFO      [single-ticker] KO / bollinger_mr_20_2 ...
21:44:57  INFO      [single-ticker] KO / bollinger_mr_20_2.5 ...
21:44:57  INFO      [single-ticker] KO / breakout_10 ...
21:44:57  INFO      [single-ticker] KO / breakout_20 ...
21:44:57  INFO      [single-ticker] KO / breakout_55 ...
21:44:58  INFO      [single-ticker] KO / vol_filter_m5_v10_0.4 ...
21:44:58  INFO      [single-ticker] KO / vol_filter_m10_v20_0.4 ...
21:44:58  INFO      [single-ticker] KO / vol_filter_m20_v20_0.4 ...
21:44:58  INFO      [single-ticker] LLY / buy_and_hold ...
21:44:59  INFO      [single-ticker] LLY / sma_5_20 ...
21:44:59  INFO      [single-ticker] LLY / sma_10_30 ...
21:44:59  INFO      [single-ticker] LLY / sma_20_50 ...
21:44:59  INFO      [single-ticker] LLY / sma_50_200 ...
21:44:59  INFO      [single-ticker] LLY / ema_5_20 ...
21:45:00  INFO      [single-ticker] LLY / ema_12_26 ...
21:45:00  INFO      [single-ticker] LLY / ema_20_50 ...
21:45:00  INFO      [single-ticker] LLY / momentum_5 ...
21:45:00  INFO      [single-ticker] LLY / momentum_10 ...
21:45:00  INFO      [single-ticker] LLY / momentum_20 ...
21:45:00  INFO      [single-ticker] LLY / momentum_60 ...
21:45:01  INFO      [single-ticker] LLY / rsi_14_30_70 ...
21:45:01  INFO      [single-ticker] LLY / rsi_14_25_75 ...
21:45:01  INFO      [single-ticker] LLY / macd_8_21_9 ...
21:45:01  INFO      [single-ticker] LLY / macd_12_26_9 ...
21:45:02  INFO      [single-ticker] LLY / bollinger_mr_20_2 ...
21:45:02  INFO      [single-ticker] LLY / bollinger_mr_20_2.5 ...
21:45:02  INFO      [single-ticker] LLY / breakout_10 ...
21:45:02  INFO      [single-ticker] LLY / breakout_20 ...
21:45:02  INFO      [single-ticker] LLY / breakout_55 ...
21:45:03  INFO      [single-ticker] LLY / vol_filter_m5_v10_0.4 ...
21:45:03  INFO      [single-ticker] LLY / vol_filter_m10_v20_0.4 ...
21:45:03  INFO      [single-ticker] LLY / vol_filter_m20_v20_0.4 ...
21:45:03  INFO      [single-ticker] MCD / buy_and_hold ...
21:45:03  INFO      [single-ticker] MCD / sma_5_20 ...
21:45:04  INFO      [single-ticker] MCD / sma_10_30 ...
21:45:04  INFO      [single-ticker] MCD / sma_20_50 ...
21:45:04  INFO      [single-ticker] MCD / sma_50_200 ...
21:45:04  INFO      [single-ticker] MCD / ema_5_20 ...
21:45:04  INFO      [single-ticker] MCD / ema_12_26 ...
21:45:05  INFO      [single-ticker] MCD / ema_20_50 ...
21:45:05  INFO      [single-ticker] MCD / momentum_5 ...
21:45:05  INFO      [single-ticker] MCD / momentum_10 ...
21:45:05  INFO      [single-ticker] MCD / momentum_20 ...
21:45:05  INFO      [single-ticker] MCD / momentum_60 ...
21:45:06  INFO      [single-ticker] MCD / rsi_14_30_70 ...
21:45:06  INFO      [single-ticker] MCD / rsi_14_25_75 ...
21:45:06  INFO      [single-ticker] MCD / macd_8_21_9 ...
21:45:06  INFO      [single-ticker] MCD / macd_12_26_9 ...
21:45:06  INFO      [single-ticker] MCD / bollinger_mr_20_2 ...
21:45:07  INFO      [single-ticker] MCD / bollinger_mr_20_2.5 ...
21:45:07  INFO      [single-ticker] MCD / breakout_10 ...
21:45:07  INFO      [single-ticker] MCD / breakout_20 ...
21:45:07  INFO      [single-ticker] MCD / breakout_55 ...
21:45:08  INFO      [single-ticker] MCD / vol_filter_m5_v10_0.4 ...
21:45:08  INFO      [single-ticker] MCD / vol_filter_m10_v20_0.4 ...
21:45:08  INFO      [single-ticker] MCD / vol_filter_m20_v20_0.4 ...
21:45:08  INFO      [single-ticker] ORCL / buy_and_hold ...
21:45:08  INFO      [single-ticker] ORCL / sma_5_20 ...
21:45:09  INFO      [single-ticker] ORCL / sma_10_30 ...
21:45:09  INFO      [single-ticker] ORCL / sma_20_50 ...
21:45:09  INFO      [single-ticker] ORCL / sma_50_200 ...
21:45:09  INFO      [single-ticker] ORCL / ema_5_20 ...
21:45:09  INFO      [single-ticker] ORCL / ema_12_26 ...
21:45:10  INFO      [single-ticker] ORCL / ema_20_50 ...
21:45:10  INFO      [single-ticker] ORCL / momentum_5 ...
21:45:10  INFO      [single-ticker] ORCL / momentum_10 ...
21:45:10  INFO      [single-ticker] ORCL / momentum_20 ...
21:45:10  INFO      [single-ticker] ORCL / momentum_60 ...
21:45:11  INFO      [single-ticker] ORCL / rsi_14_30_70 ...
21:45:11  INFO      [single-ticker] ORCL / rsi_14_25_75 ...
21:45:11  INFO      [single-ticker] ORCL / macd_8_21_9 ...
21:45:11  INFO      [single-ticker] ORCL / macd_12_26_9 ...
21:45:11  INFO      [single-ticker] ORCL / bollinger_mr_20_2 ...
21:45:12  INFO      [single-ticker] ORCL / bollinger_mr_20_2.5 ...
21:45:12  INFO      [single-ticker] ORCL / breakout_10 ...
21:45:12  INFO      [single-ticker] ORCL / breakout_20 ...
21:45:12  INFO      [single-ticker] ORCL / breakout_55 ...
21:45:13  INFO      [single-ticker] ORCL / vol_filter_m5_v10_0.4 ...
21:45:13  INFO      [single-ticker] ORCL / vol_filter_m10_v20_0.4 ...
21:45:13  INFO      [single-ticker] ORCL / vol_filter_m20_v20_0.4 ...
21:45:13  INFO      [single-ticker] PG / buy_and_hold ...
21:45:13  INFO      [single-ticker] PG / sma_5_20 ...
21:45:14  INFO      [single-ticker] PG / sma_10_30 ...
21:45:14  INFO      [single-ticker] PG / sma_20_50 ...
21:45:14  INFO      [single-ticker] PG / sma_50_200 ...
21:45:14  INFO      [single-ticker] PG / ema_5_20 ...
21:45:15  INFO      [single-ticker] PG / ema_12_26 ...
21:45:15  INFO      [single-ticker] PG / ema_20_50 ...
21:45:15  INFO      [single-ticker] PG / momentum_5 ...
21:45:15  INFO      [single-ticker] PG / momentum_10 ...
21:45:15  INFO      [single-ticker] PG / momentum_20 ...
21:45:16  INFO      [single-ticker] PG / momentum_60 ...
21:45:16  INFO      [single-ticker] PG / rsi_14_30_70 ...
21:45:16  INFO      [single-ticker] PG / rsi_14_25_75 ...
21:45:16  INFO      [single-ticker] PG / macd_8_21_9 ...
21:45:16  INFO      [single-ticker] PG / macd_12_26_9 ...
21:45:17  INFO      [single-ticker] PG / bollinger_mr_20_2 ...
21:45:17  INFO      [single-ticker] PG / bollinger_mr_20_2.5 ...
21:45:17  INFO      [single-ticker] PG / breakout_10 ...
21:45:17  INFO      [single-ticker] PG / breakout_20 ...
21:45:17  INFO      [single-ticker] PG / breakout_55 ...
21:45:18  INFO      [single-ticker] PG / vol_filter_m5_v10_0.4 ...
21:45:18  INFO      [single-ticker] PG / vol_filter_m10_v20_0.4 ...
21:45:18  INFO      [single-ticker] PG / vol_filter_m20_v20_0.4 ...
21:45:18  INFO      [single-ticker] WMT / buy_and_hold ...
21:45:18  INFO      [single-ticker] WMT / sma_5_20 ...
21:45:19  INFO      [single-ticker] WMT / sma_10_30 ...
21:45:19  INFO      [single-ticker] WMT / sma_20_50 ...
21:45:19  INFO      [single-ticker] WMT / sma_50_200 ...
21:45:19  INFO      [single-ticker] WMT / ema_5_20 ...
21:45:19  INFO      [single-ticker] WMT / ema_12_26 ...
21:45:20  INFO      [single-ticker] WMT / ema_20_50 ...
21:45:20  INFO      [single-ticker] WMT / momentum_5 ...
21:45:20  INFO      [single-ticker] WMT / momentum_10 ...
21:45:20  INFO      [single-ticker] WMT / momentum_20 ...
21:45:20  INFO      [single-ticker] WMT / momentum_60 ...
21:45:21  INFO      [single-ticker] WMT / rsi_14_30_70 ...
21:45:21  INFO      [single-ticker] WMT / rsi_14_25_75 ...
21:45:21  INFO      [single-ticker] WMT / macd_8_21_9 ...
21:45:21  INFO      [single-ticker] WMT / macd_12_26_9 ...
21:45:21  INFO      [single-ticker] WMT / bollinger_mr_20_2 ...
21:45:22  INFO      [single-ticker] WMT / bollinger_mr_20_2.5 ...
21:45:22  INFO      [single-ticker] WMT / breakout_10 ...
21:45:22  INFO      [single-ticker] WMT / breakout_20 ...
21:45:22  INFO      [single-ticker] WMT / breakout_55 ...
21:45:23  INFO      [single-ticker] WMT / vol_filter_m5_v10_0.4 ...
21:45:23  INFO      [single-ticker] WMT / vol_filter_m10_v20_0.4 ...
21:45:23  INFO      [single-ticker] WMT / vol_filter_m20_v20_0.4 ...
21:45:23  INFO      [portfolio] equal_weight_buy_and_hold ...
21:45:23  INFO      [portfolio] naive_one_over_n_rebalanced_21d ...
21:45:24  INFO      Wrote per-ticker summary: C:\Users\gurug\Dropbox\DataScience\Speciale\Devices\dev\StockInvestmentDSS\research\iqn\FinRL_IQN\outputs\runs\2026_05_25_214433_d_iqn_dss_algorithmic_baseline_grid_demo_10_new_micro\summary\avgo_strategy_grid_summary.csv
21:45:24  INFO      Wrote per-ticker summary: C:\Users\gurug\Dropbox\DataScience\Speciale\Devices\dev\StockInvestmentDSS\research\iqn\FinRL_IQN\outputs\runs\2026_05_25_214433_d_iqn_dss_algorithmic_baseline_grid_demo_10_new_micro\summary\ba_strategy_grid_summary.csv
21:45:24  INFO      Wrote per-ticker summary: C:\Users\gurug\Dropbox\DataScience\Speciale\Devices\dev\StockInvestmentDSS\research\iqn\FinRL_IQN\outputs\runs\2026_05_25_214433_d_iqn_dss_algorithmic_baseline_grid_demo_10_new_micro\summary\cat_strategy_grid_summary.csv
21:45:24  INFO      Wrote per-ticker summary: C:\Users\gurug\Dropbox\DataScience\Speciale\Devices\dev\StockInvestmentDSS\research\iqn\FinRL_IQN\outputs\runs\2026_05_25_214433_d_iqn_dss_algorithmic_baseline_grid_demo_10_new_micro\summary\cost_strategy_grid_summary.csv
21:45:24  INFO      Wrote per-ticker summary: C:\Users\gurug\Dropbox\DataScience\Speciale\Devices\dev\StockInvestmentDSS\research\iqn\FinRL_IQN\outputs\runs\2026_05_25_214433_d_iqn_dss_algorithmic_baseline_grid_demo_10_new_micro\summary\ko_strategy_grid_summary.csv
21:45:24  INFO      Wrote per-ticker summary: C:\Users\gurug\Dropbox\DataScience\Speciale\Devices\dev\StockInvestmentDSS\research\iqn\FinRL_IQN\outputs\runs\2026_05_25_214433_d_iqn_dss_algorithmic_baseline_grid_demo_10_new_micro\summary\lly_strategy_grid_summary.csv
21:45:24  INFO      Wrote per-ticker summary: C:\Users\gurug\Dropbox\DataScience\Speciale\Devices\dev\StockInvestmentDSS\research\iqn\FinRL_IQN\outputs\runs\2026_05_25_214433_d_iqn_dss_algorithmic_baseline_grid_demo_10_new_micro\summary\mcd_strategy_grid_summary.csv
21:45:24  INFO      Wrote per-ticker summary: C:\Users\gurug\Dropbox\DataScience\Speciale\Devices\dev\StockInvestmentDSS\research\iqn\FinRL_IQN\outputs\runs\2026_05_25_214433_d_iqn_dss_algorithmic_baseline_grid_demo_10_new_micro\summary\orcl_strategy_grid_summary.csv
21:45:24  INFO      Wrote per-ticker summary: C:\Users\gurug\Dropbox\DataScience\Speciale\Devices\dev\StockInvestmentDSS\research\iqn\FinRL_IQN\outputs\runs\2026_05_25_214433_d_iqn_dss_algorithmic_baseline_grid_demo_10_new_micro\summary\pg_strategy_grid_summary.csv
21:45:24  INFO      Wrote per-ticker summary: C:\Users\gurug\Dropbox\DataScience\Speciale\Devices\dev\StockInvestmentDSS\research\iqn\FinRL_IQN\outputs\runs\2026_05_25_214433_d_iqn_dss_algorithmic_baseline_grid_demo_10_new_micro\summary\wmt_strategy_grid_summary.csv
21:45:24  INFO      Wrote portfolio summary: C:\Users\gurug\Dropbox\DataScience\Speciale\Devices\dev\StockInvestmentDSS\research\iqn\FinRL_IQN\outputs\runs\2026_05_25_214433_d_iqn_dss_algorithmic_baseline_grid_demo_10_new_micro\summary\portfolio_strategy_summary.csv
21:45:24  INFO      Wrote combined summary: C:\Users\gurug\Dropbox\DataScience\Speciale\Devices\dev\StockInvestmentDSS\research\iqn\FinRL_IQN\outputs\runs\2026_05_25_214433_d_iqn_dss_algorithmic_baseline_grid_demo_10_new_micro\summary\algorithmic_baselines_summary.csv
21:45:24  INFO      Grid runner complete. OK=242  ERROR=0
