\BOOKMARK [0][-]{chapter*.1}{\376\377\000P\000r\000e\000f\000a\000c\000e}{}% 1
\BOOKMARK [0][-]{chapter*.2}{\376\377\000A\000b\000s\000t\000r\000a\000c\000t}{}% 2
\BOOKMARK [0][-]{chapter*.3}{\376\377\000D\000i\000s\000c\000l\000a\000i\000m\000e\000r}{}% 3
\BOOKMARK [0][-]{section*.4}{\376\377\000C\000o\000n\000t\000e\000n\000t\000s}{}% 4
\BOOKMARK [0][-]{chapter*.6}{\376\377\000G\000l\000o\000s\000s\000a\000r\000y}{}% 5
\BOOKMARK [0][-]{chapter.1}{\376\377\000I\000n\000t\000r\000o\000d\000u\000c\000t\000i\000o\000n}{}% 6
\BOOKMARK [1][-]{section.1.1}{\376\377\000B\000o\000x\000\040\000g\000a\000l\000l\000e\000r\000y\000\040\000\050\000v\000i\000s\000u\000a\000l\000\040\000t\000e\000s\000t\000\051}{chapter.1}% 7
\BOOKMARK [1][-]{section.1.2}{\376\377\000M\000o\000t\000i\000v\000a\000t\000i\000o\000n}{chapter.1}% 8
\BOOKMARK [1][-]{section.1.3}{\376\377\000P\000r\000o\000b\000l\000e\000m\000\040\000F\000o\000r\000m\000u\000l\000a\000t\000i\000o\000n}{chapter.1}% 9
\BOOKMARK [1][-]{section.1.4}{\376\377\000R\000e\000s\000e\000a\000r\000c\000h\000\040\000Q\000u\000e\000s\000t\000i\000o\000n\000s}{chapter.1}% 10
\BOOKMARK [1][-]{section.1.5}{\376\377\000S\000c\000o\000p\000e\000\040\000a\000n\000d\000\040\000D\000e\000l\000i\000m\000i\000t\000a\000t\000i\000o\000n\000s}{chapter.1}% 11
\BOOKMARK [1][-]{section.1.6}{\376\377\000T\000h\000e\000s\000i\000s\000\040\000S\000t\000r\000u\000c\000t\000u\000r\000e}{chapter.1}% 12
\BOOKMARK [0][-]{chapter.2}{\376\377\000B\000a\000c\000k\000g\000r\000o\000u\000n\000d}{}% 13
\BOOKMARK [1][-]{section.2.1}{\376\377\000F\000i\000n\000a\000n\000c\000i\000a\000l\000\040\000m\000a\000r\000k\000e\000t\000s}{chapter.2}% 14
\BOOKMARK [1][-]{section.2.2}{\376\377\000T\000h\000e\000\040\000I\000n\000v\000e\000s\000t\000o\000r}{chapter.2}% 15
\BOOKMARK [1][-]{section.2.3}{\376\377\000P\000o\000r\000t\000f\000o\000l\000i\000o\000\040\000t\000h\000e\000o\000r\000y}{chapter.2}% 16
\BOOKMARK [1][-]{section.2.4}{\376\377\000R\000i\000s\000k\000,\000\040\000r\000e\000t\000u\000r\000n\000,\000\040\000a\000n\000d\000\040\000u\000n\000c\000e\000r\000t\000a\000i\000n\000t\000y}{chapter.2}% 17
\BOOKMARK [1][-]{section.2.5}{\376\377\000I\000n\000f\000l\000a\000t\000i\000o\000n\000\040\000a\000n\000d\000\040\000m\000a\000c\000r\000o\000e\000c\000o\000n\000o\000m\000i\000c\000\040\000c\000o\000n\000t\000e\000x\000t}{chapter.2}% 18
\BOOKMARK [1][-]{section.2.6}{\376\377\000D\000e\000c\000i\000s\000i\000o\000n\000\040\000s\000u\000p\000p\000o\000r\000t\000\040\000s\000y\000s\000t\000e\000m\000s\000\040\000i\000n\000\040\000f\000i\000n\000a\000n\000c\000e}{chapter.2}% 19
\BOOKMARK [1][-]{section.2.7}{\376\377\000R\000e\000i\000n\000f\000o\000r\000c\000e\000m\000e\000n\000t\000\040\000l\000e\000a\000r\000n\000i\000n\000g\000\040\000f\000o\000r\000\040\000i\000n\000v\000e\000s\000t\000m\000e\000n\000t\000\040\000d\000e\000c\000i\000s\000i\000o\000n\000s}{chapter.2}% 20
\BOOKMARK [0][-]{chapter.3}{\376\377\000R\000e\000l\000a\000t\000e\000d\000\040\000W\000o\000r\000k}{}% 21
\BOOKMARK [1][-]{section.3.1}{\376\377\000D\000i\000r\000e\000c\000t\000\040\000P\000r\000e\000d\000e\000c\000e\000s\000s\000o\000r\000s}{chapter.3}% 22
\BOOKMARK [1][-]{section.3.2}{\376\377\000C\000l\000o\000s\000e\000s\000t\000\040\000A\000p\000p\000l\000i\000c\000a\000t\000i\000o\000n\000\040\000W\000o\000r\000k}{chapter.3}% 23
\BOOKMARK [0][-]{chapter.4}{\376\377\000L\000i\000t\000e\000r\000a\000t\000u\000r\000e\000\040\000S\000u\000r\000v\000e\000y}{}% 24
\BOOKMARK [1][-]{section.4.1}{\376\377\000S\000t\000a\000t\000e\000\040\000o\000f\000\040\000t\000h\000e\000\040\000A\000r\000t}{chapter.4}% 25
\BOOKMARK [1][-]{section.4.2}{\376\377\000R\000e\000i\000n\000f\000o\000r\000c\000e\000m\000e\000n\000t\000\040\000L\000e\000a\000r\000n\000i\000n\000g\000\040\000f\000o\000r\000\040\000A\000l\000g\000o\000r\000i\000t\000h\000m\000i\000c\000\040\000T\000r\000a\000d\000i\000n\000g\000\040\000a\000n\000d\000\040\000P\000o\000r\000t\000f\000o\000l\000i\000o\000\040\000M\000a\000n\000a\000g\000e\000m\000e\000n\000t}{chapter.4}% 26
\BOOKMARK [1][-]{section.4.3}{\376\377\000D\000i\000s\000t\000r\000i\000b\000u\000t\000i\000o\000n\000a\000l\000\040\000R\000e\000i\000n\000f\000o\000r\000c\000e\000m\000e\000n\000t\000\040\000L\000e\000a\000r\000n\000i\000n\000g}{chapter.4}% 27
\BOOKMARK [1][-]{section.4.4}{\376\377\000U\000n\000c\000e\000r\000t\000a\000i\000n\000t\000y\000-\000\040\000a\000n\000d\000\040\000R\000i\000s\000k\000-\000S\000e\000n\000s\000i\000t\000i\000v\000e\000\040\000R\000e\000i\000n\000f\000o\000r\000c\000e\000m\000e\000n\000t\000\040\000L\000e\000a\000r\000n\000i\000n\000g}{chapter.4}% 28
\BOOKMARK [1][-]{section.4.5}{\376\377\000P\000o\000s\000i\000t\000i\000o\000n\000i\000n\000g\000:\000\040\000T\000h\000e\000\040\000R\000e\000s\000e\000a\000r\000c\000h\000\040\000G\000a\000p}{chapter.4}% 29
\BOOKMARK [1][-]{section.4.6}{\376\377\000C\000h\000o\000s\000e\000n\000\040\000S\000o\000l\000u\000t\000i\000o\000n}{chapter.4}% 30
\BOOKMARK [1][-]{section.4.7}{\376\377\000A\000l\000t\000e\000r\000n\000a\000t\000i\000v\000e\000\040\000S\000o\000l\000u\000t\000i\000o\000n\000s}{chapter.4}% 31
\BOOKMARK [0][-]{chapter.5}{\376\377\000T\000h\000e\000o\000r\000y}{}% 32
\BOOKMARK [1][-]{section.5.1}{\376\377\000M\000a\000r\000k\000o\000v\000\040\000D\000e\000c\000i\000s\000i\000o\000n\000\040\000P\000r\000o\000c\000e\000s\000s\000e\000s}{chapter.5}% 33
\BOOKMARK [1][-]{section.5.2}{\376\377\000D\000y\000n\000a\000m\000i\000c\000\040\000P\000r\000o\000g\000r\000a\000m\000m\000i\000n\000g}{chapter.5}% 34
\BOOKMARK [1][-]{section.5.3}{\376\377\000Q\000-\000L\000e\000a\000r\000n\000i\000n\000g}{chapter.5}% 35
\BOOKMARK [1][-]{section.5.4}{\376\377\000D\000e\000e\000p\000\040\000Q\000-\000N\000e\000t\000w\000o\000r\000k\000s\000\040\000\050\000D\000Q\000N\000\051}{chapter.5}% 36
\BOOKMARK [1][-]{section.5.5}{\376\377\000T\000h\000e\000\040\000L\000i\000m\000i\000t\000a\000t\000i\000o\000n\000\040\000o\000f\000\040\000a\000\040\000S\000i\000n\000g\000l\000e\000\040\000S\000c\000a\000l\000a\000r\000\040\000V\000a\000l\000u\000e}{chapter.5}% 37
\BOOKMARK [1][-]{section.5.6}{\376\377\000D\000i\000s\000t\000r\000i\000b\000u\000t\000i\000o\000n\000a\000l\000\040\000R\000e\000i\000n\000f\000o\000r\000c\000e\000m\000e\000n\000t\000\040\000L\000e\000a\000r\000n\000i\000n\000g}{chapter.5}% 38
\BOOKMARK [1][-]{section.5.7}{\376\377\000Q\000u\000a\000n\000t\000i\000l\000e\000\040\000R\000e\000g\000r\000e\000s\000s\000i\000o\000n\000\040\000a\000n\000d\000\040\000t\000h\000e\000\040\000Q\000u\000a\000n\000t\000i\000l\000e\000\040\000H\000u\000b\000e\000r\000\040\000L\000o\000s\000s}{chapter.5}% 39
\BOOKMARK [1][-]{section.5.8}{\376\377\000I\000m\000p\000l\000i\000c\000i\000t\000\040\000Q\000u\000a\000n\000t\000i\000l\000e\000\040\000N\000e\000t\000w\000o\000r\000k\000s\000\040\000\050\000I\000Q\000N\000\051}{chapter.5}% 40
\BOOKMARK [1][-]{section.5.9}{\376\377\000R\000i\000s\000k\000-\000S\000e\000n\000s\000i\000t\000i\000v\000e\000\040\000P\000o\000l\000i\000c\000i\000e\000s\000\040\000v\000i\000a\000\040\000D\000i\000s\000t\000o\000r\000t\000i\000o\000n\000\040\000M\000e\000a\000s\000u\000r\000e\000s}{chapter.5}% 41
\BOOKMARK [1][-]{section.5.10}{\376\377\000E\000v\000i\000d\000e\000n\000t\000i\000a\000l\000\040\000D\000e\000e\000p\000\040\000L\000e\000a\000r\000n\000i\000n\000g}{chapter.5}% 42
\BOOKMARK [1][-]{section.5.11}{\376\377\000T\000h\000e\000\040\000C\000o\000m\000p\000l\000e\000t\000e\000\040\000C\000h\000a\000i\000n}{chapter.5}% 43
\BOOKMARK [0][-]{chapter.6}{\376\377\000M\000e\000t\000h\000o\000d\000o\000l\000o\000g\000y}{}% 44
\BOOKMARK [1][-]{section.6.1}{\376\377\000R\000e\000s\000e\000a\000r\000c\000h\000\040\000D\000e\000s\000i\000g\000n}{chapter.6}% 45
\BOOKMARK [1][-]{section.6.2}{\376\377\000P\000r\000o\000b\000l\000e\000m\000\040\000F\000o\000r\000m\000u\000l\000a\000t\000i\000o\000n\000\040\000a\000s\000\040\000a\000n\000\040\000M\000D\000P}{chapter.6}% 46
\BOOKMARK [1][-]{section.6.3}{\376\377\000D\000-\000I\000Q\000N\000-\000D\000S\000S\000:\000\040\000T\000h\000e\000\040\000D\000e\000c\000i\000s\000i\000o\000n\000\040\000E\000n\000g\000i\000n\000e}{chapter.6}% 47
\BOOKMARK [1][-]{section.6.4}{\376\377\000H\000i\000e\000r\000a\000r\000c\000h\000i\000c\000a\000l\000\040\000D\000e\000c\000i\000s\000i\000o\000n\000\040\000P\000o\000l\000i\000c\000y\000\040\000\050\000H\000D\000P\000\051}{chapter.6}% 48
\BOOKMARK [1][-]{section.6.5}{\376\377\000E\000p\000i\000s\000t\000e\000m\000i\000c\000\040\000U\000n\000c\000e\000r\000t\000a\000i\000n\000t\000y\000\040\000v\000i\000a\000\040\000E\000D\000L}{chapter.6}% 49
\BOOKMARK [1][-]{section.6.6}{\376\377\000T\000h\000e\000\040\000F\000u\000s\000i\000o\000n\000\040\000R\000u\000l\000e}{chapter.6}% 50
\BOOKMARK [1][-]{section.6.7}{\376\377\000R\000i\000s\000k\000-\000S\000e\000n\000s\000i\000t\000i\000v\000e\000\040\000D\000e\000c\000i\000s\000i\000o\000n\000\040\000S\000c\000o\000r\000i\000n\000g}{chapter.6}% 51
\BOOKMARK [1][-]{section.6.8}{\376\377\000S\000c\000o\000p\000e\000\040\000a\000n\000d\000\040\000L\000i\000m\000i\000t\000a\000t\000i\000o\000n\000s}{chapter.6}% 52
\BOOKMARK [1][-]{section.6.9}{\376\377\000E\000x\000p\000e\000r\000i\000m\000e\000n\000t\000a\000l\000\040\000D\000e\000s\000i\000g\000n}{chapter.6}% 53
\BOOKMARK [1][-]{section.6.10}{\376\377\000E\000v\000a\000l\000u\000a\000t\000i\000o\000n\000\040\000P\000r\000o\000t\000o\000c\000o\000l}{chapter.6}% 54
\BOOKMARK [0][-]{chapter*.12}{\376\377\000A\000c\000k\000n\000o\000w\000l\000e\000d\000g\000e\000m\000e\000n\000t\000s}{}% 55
\BOOKMARK [0][-]{appendix.A}{\376\377\000A\000d\000d\000i\000t\000i\000o\000n\000a\000l\000\040\000M\000a\000t\000e\000r\000i\000a\000l}{}% 56
\BOOKMARK [1][-]{section.A.1}{\376\377\000E\000x\000p\000e\000r\000i\000m\000e\000n\000t\000\040\000C\000o\000n\000f\000i\000g\000u\000r\000a\000t\000i\000o\000n}{appendix.A}% 57
\BOOKMARK [1][-]{section.A.2}{\376\377\000A\000d\000d\000i\000t\000i\000o\000n\000a\000l\000\040\000T\000a\000b\000l\000e\000s}{appendix.A}% 58
\BOOKMARK [1][-]{section.A.3}{\376\377\000B\000o\000x\000\040\000g\000a\000l\000l\000e\000r\000y}{appendix.A}% 59
