COMMAND: C:\Users\gurug\miniconda3\envs\stockdss\python.exe -m stock_investment_dss.runner.run_finrl_baseline_suite_smoke_test

STDOUT:


STDERR:
2026-05-25 21:45:54,559 | INFO | stock_investment_dss.system | Starting StockInvestmentDSS FinRL baseline suite smoke test.
2026-05-25 21:45:54,559 | INFO | stock_investment_dss.system | Project root: C:\Users\gurug\Dropbox\DataScience\Speciale\Devices\dev\StockInvestmentDSS\research\iqn\FinRL_IQN
2026-05-25 21:45:54,562 | INFO | stock_investment_dss.system | Random seed: 2
2026-05-25 21:45:54,579 | INFO | stock_investment_dss.run.2026_05_25_214554_d_iqn_dss_finrl_baseline_suite_smoke_test | Created run directory: C:\Users\gurug\Dropbox\DataScience\Speciale\Devices\dev\StockInvestmentDSS\research\iqn\FinRL_IQN\outputs\runs\2026_05_25_214554_d_iqn_dss_finrl_baseline_suite_smoke_test
2026-05-25 21:45:54,579 | INFO | stock_investment_dss.run.2026_05_25_214554_d_iqn_dss_finrl_baseline_suite_smoke_test | Run id: 2026_05_25_214554_d_iqn_dss_finrl_baseline_suite_smoke_test
2026-05-25 21:45:54,579 | INFO | stock_investment_dss.run.2026_05_25_214554_d_iqn_dss_finrl_baseline_suite_smoke_test | Dataset id: demo_10_new_micro
2026-05-25 21:45:54,579 | INFO | stock_investment_dss.run.2026_05_25_214554_d_iqn_dss_finrl_baseline_suite_smoke_test | Universe id: demo_10_new
2026-05-25 21:45:54,579 | INFO | stock_investment_dss.run.2026_05_25_214554_d_iqn_dss_finrl_baseline_suite_smoke_test | Date range: 2010-01-01 -> 2026-12-31
2026-05-25 21:45:54,579 | INFO | stock_investment_dss.run.2026_05_25_214554_d_iqn_dss_finrl_baseline_suite_smoke_test | Point in time: 2024-01-01
2026-05-25 21:45:54,579 | INFO | stock_investment_dss.run.2026_05_25_214554_d_iqn_dss_finrl_baseline_suite_smoke_test | Trade end date: 2026-12-31
2026-05-25 21:45:54,579 | INFO | stock_investment_dss.run.2026_05_25_214554_d_iqn_dss_finrl_baseline_suite_smoke_test | Baseline agents: ['a2c', 'ppo', 'mvo']
2026-05-25 21:45:54,579 | INFO | stock_investment_dss.run.2026_05_25_214554_d_iqn_dss_finrl_baseline_suite_smoke_test | Total timesteps per RL agent: 5000
2026-05-25 21:45:54,579 | INFO | stock_investment_dss.run.2026_05_25_214554_d_iqn_dss_finrl_baseline_suite_smoke_test | Initial amount: 1000000.0
2026-05-25 21:45:54,580 | INFO | stock_investment_dss.run.2026_05_25_214554_d_iqn_dss_finrl_baseline_suite_smoke_test | hmax: 10000
2026-05-25 21:45:54,580 | INFO | stock_investment_dss.run.2026_05_25_214554_d_iqn_dss_finrl_baseline_suite_smoke_test | Device: auto
2026-05-25 21:45:54,580 | INFO | stock_investment_dss.run.2026_05_25_214554_d_iqn_dss_finrl_baseline_suite_smoke_test | Include MVO: True
2026-05-25 21:46:17,882 | INFO | stock_investment_dss.run.2026_05_25_214554_d_iqn_dss_finrl_baseline_suite_smoke_test | FinRL baseline suite smoke test completed.
2026-05-25 21:46:17,882 | INFO | stock_investment_dss.run.2026_05_25_214554_d_iqn_dss_finrl_baseline_suite_smoke_test | Agents: ['a2c', 'ppo', 'mvo']
2026-05-25 21:46:17,882 | INFO | stock_investment_dss.run.2026_05_25_214554_d_iqn_dss_finrl_baseline_suite_smoke_test | Comparison path: C:\Users\gurug\Dropbox\DataScience\Speciale\Devices\dev\StockInvestmentDSS\research\iqn\FinRL_IQN\outputs\runs\2026_05_25_214554_d_iqn_dss_finrl_baseline_suite_smoke_test\data\finrl_baseline_suite\finrl_baseline_suite_comparison.csv
2026-05-25 21:46:17,882 | INFO | stock_investment_dss.run.2026_05_25_214554_d_iqn_dss_finrl_baseline_suite_smoke_test | Comparison snapshot: C:\Users\gurug\Dropbox\DataScience\Speciale\Devices\dev\StockInvestmentDSS\research\iqn\FinRL_IQN\outputs\runs\2026_05_25_214554_d_iqn_dss_finrl_baseline_suite_smoke_test\summary\finrl_baseline_suite_comparison_snapshot.csv
2026-05-25 21:46:17,882 | INFO | stock_investment_dss.run.2026_05_25_214554_d_iqn_dss_finrl_baseline_suite_smoke_test | Summary path: C:\Users\gurug\Dropbox\DataScience\Speciale\Devices\dev\StockInvestmentDSS\research\iqn\FinRL_IQN\outputs\runs\2026_05_25_214554_d_iqn_dss_finrl_baseline_suite_smoke_test\summary\finrl_baseline_suite_smoke_summary.json
2026-05-25 21:46:17,884 | INFO | stock_investment_dss.run.2026_05_25_214554_d_iqn_dss_finrl_baseline_suite_smoke_test | Comparison table:
2026-05-25 21:46:17,884 | INFO | stock_investment_dss.run.2026_05_25_214554_d_iqn_dss_finrl_baseline_suite_smoke_test | rank=1 agent=a2c final_value=3900810.2333991094 total_return_pct=290.0810233399109 max_drawdown_pct=-41.14936324772642 sharpe=1.363458750526866
2026-05-25 21:46:17,884 | INFO | stock_investment_dss.run.2026_05_25_214554_d_iqn_dss_finrl_baseline_suite_smoke_test | rank=2 agent=mvo final_value=2266925.6102143927 total_return_pct=126.69256102143929 max_drawdown_pct=-22.307136499432456 sharpe=1.5161097603091507
2026-05-25 21:46:17,884 | INFO | stock_investment_dss.run.2026_05_25_214554_d_iqn_dss_finrl_baseline_suite_smoke_test | rank=3 agent=ppo final_value=1829820.725482361 total_return_pct=82.98207254823609 max_drawdown_pct=-34.4500108150792 sharpe=0.8770403084841629
2026-05-25 21:46:17,885 | INFO | stock_investment_dss.system | Wrote config snapshot: C:\Users\gurug\Dropbox\DataScience\Speciale\Devices\dev\StockInvestmentDSS\research\iqn\FinRL_IQN\outputs\runs\2026_05_25_214554_d_iqn_dss_finrl_baseline_suite_smoke_test\config\finrl_baseline_suite_config.json
2026-05-25 21:46:17,888 | INFO | stock_investment_dss.system | Wrote 3 per-agent metrics JSONs to C:\Users\gurug\Dropbox\DataScience\Speciale\Devices\dev\StockInvestmentDSS\research\iqn\FinRL_IQN\outputs\runs\2026_05_25_214554_d_iqn_dss_finrl_baseline_suite_smoke_test\metrics\finrl_baseline_suite
2026-05-25 21:46:18,499 | INFO | stock_investment_dss.system | Wrote 7 per-agent plots to C:\Users\gurug\Dropbox\DataScience\Speciale\Devices\dev\StockInvestmentDSS\research\iqn\FinRL_IQN\outputs\runs\2026_05_25_214554_d_iqn_dss_finrl_baseline_suite_smoke_test\plots\finrl_baseline_suite
2026-05-25 21:46:18,500 | INFO | stock_investment_dss.system | StockInvestmentDSS FinRL baseline suite smoke test completed successfully.
